2025-04-20 18:59:31 - game_automation - INFO - 日志服务初始化完成
2025-04-20 18:59:31 - game_automation - INFO - 窗口管理器初始化完成
2025-04-20 18:59:31 - game_automation - INFO - 成功设置窗口钩子
2025-04-20 18:59:31 - game_automation - INFO - 图像处理器初始化完成
2025-04-20 18:59:31 - game_automation - INFO - 加载预训练的ResNet模型
2025-04-20 18:59:31 - game_automation - INFO - 操作模拟器初始化完成
2025-04-20 19:00:05 - game_automation - ERROR - 分析游戏画面失败: 'bool' object has no attribute 'shape'
2025-04-20 19:00:08 - game_automation - ERROR - 捕获窗口画面失败: 'GameWindowManager' object has no attribute 'capture_window'
2025-04-20 19:00:08 - game_automation - INFO - 开始自动化任务
2025-04-20 19:00:08 - game_automation - WARNING - 无法检查窗口状态: 窗口未找到
2025-04-20 19:00:08 - game_automation - WARNING - 游戏窗口未激活
2025-04-20 19:00:08 - game_automation - WARNING - 游戏窗口未激活
2025-04-20 19:00:08 - game_automation - WARNING - 无法检查窗口状态: 窗口未找到
2025-04-20 19:00:08 - game_automation - WARNING - 游戏窗口未激活
2025-04-20 19:00:08 - game_automation - WARNING - 无法检查窗口状态: 窗口未找到
2025-04-20 19:00:08 - game_automation - WARNING - 游戏窗口未激活
2025-04-20 19:00:08 - game_automation - WARNING - 无法检查窗口状态: 窗口未找到
2025-04-20 19:00:08 - game_automation - WARNING - 无法检查窗口状态: 窗口未找到
2025-04-20 19:00:08 - game_automation - WARNING - 游戏窗口未激活
2025-04-20 19:00:08 - game_automation - WARNING - 无法检查窗口状态: 窗口未找到
2025-04-20 19:00:08 - game_automation - WARNING - 游戏窗口未激活
2025-04-20 19:00:08 - game_automation - WARNING - 游戏窗口未激活
2025-04-20 19:00:08 - game_automation - WARNING - 无法检查窗口状态: 窗口未找到
2025-04-20 19:00:08 - game_automation - WARNING - 游戏窗口未激活
2025-04-20 19:00:08 - game_automation - WARNING - 无法检查窗口状态: 窗口未找到
2025-04-20 19:00:08 - game_automation - WARNING - 游戏窗口未激活
2025-04-20 19:00:08 - game_automation - WARNING - 无法检查窗口状态: 窗口未找到
2025-04-20 19:00:09 - game_automation - WARNING - 无法检查窗口状态: 窗口未找到
2025-04-20 19:00:09 - game_automation - WARNING - 游戏窗口未激活
2025-04-20 19:00:09 - game_automation - WARNING - 无法检查窗口状态: 窗口未找到
2025-04-20 19:00:09 - game_automation - WARNING - 游戏窗口未激活
2025-04-20 19:00:09 - game_automation - WARNING - 游戏窗口未激活
2025-04-20 19:00:09 - game_automation - WARNING - 无法检查窗口状态: 窗口未找到
2025-04-20 19:00:09 - game_automation - WARNING - 无法检查窗口状态: 窗口未找到
2025-04-20 19:00:09 - game_automation - WARNING - 游戏窗口未激活
2025-04-20 19:00:09 - game_automation - WARNING - 游戏窗口未激活
2025-04-20 19:00:09 - game_automation - WARNING - 无法检查窗口状态: 窗口未找到
2025-04-20 19:00:09 - game_automation - WARNING - 游戏窗口未激活
2025-04-20 19:00:09 - game_automation - WARNING - 无法检查窗口状态: 窗口未找到
2025-04-20 19:00:09 - game_automation - WARNING - 游戏窗口未激活
2025-04-20 19:00:09 - game_automation - WARNING - 无法检查窗口状态: 窗口未找到
2025-04-20 19:00:09 - game_automation - WARNING - 游戏窗口未激活
2025-04-20 19:00:09 - game_automation - WARNING - 无法检查窗口状态: 窗口未找到
2025-04-20 19:00:09 - game_automation - WARNING - 游戏窗口未激活
2025-04-20 19:00:09 - game_automation - WARNING - 无法检查窗口状态: 窗口未找到
2025-04-20 19:00:09 - game_automation - WARNING - 无法检查窗口状态: 窗口未找到
2025-04-20 19:00:09 - game_automation - WARNING - 游戏窗口未激活
2025-04-20 19:00:09 - game_automation - ERROR - 捕获窗口画面失败: 'GameWindowManager' object has no attribute 'capture_window'
2025-04-20 19:00:10 - game_automation - WARNING - 游戏窗口未激活
2025-04-20 19:00:10 - game_automation - WARNING - 无法检查窗口状态: 窗口未找到
2025-04-20 19:00:10 - game_automation - WARNING - 无法检查窗口状态: 窗口未找到
2025-04-20 19:00:10 - game_automation - WARNING - 游戏窗口未激活
2025-04-20 19:00:10 - game_automation - WARNING - 游戏窗口未激活
2025-04-20 19:00:10 - game_automation - WARNING - 无法检查窗口状态: 窗口未找到
2025-04-20 19:00:10 - game_automation - WARNING - 无法检查窗口状态: 窗口未找到
2025-04-20 19:00:10 - game_automation - WARNING - 游戏窗口未激活
2025-04-20 19:00:10 - game_automation - WARNING - 游戏窗口未激活
2025-04-20 19:00:10 - game_automation - WARNING - 无法检查窗口状态: 窗口未找到
2025-04-20 19:00:10 - game_automation - WARNING - 游戏窗口未激活
2025-04-20 19:00:10 - game_automation - WARNING - 无法检查窗口状态: 窗口未找到
2025-04-20 19:00:10 - game_automation - WARNING - 游戏窗口未激活
2025-04-20 19:00:10 - game_automation - WARNING - 无法检查窗口状态: 窗口未找到
2025-04-20 19:00:10 - game_automation - WARNING - 游戏窗口未激活
2025-04-20 19:00:10 - game_automation - WARNING - 无法检查窗口状态: 窗口未找到
2025-04-20 19:00:10 - game_automation - WARNING - 游戏窗口未激活
2025-04-20 19:00:10 - game_automation - WARNING - 无法检查窗口状态: 窗口未找到
2025-04-20 19:00:10 - game_automation - WARNING - 游戏窗口未激活
2025-04-20 19:00:10 - game_automation - WARNING - 无法检查窗口状态: 窗口未找到
2025-04-20 19:00:11 - game_automation - WARNING - 游戏窗口未激活
2025-04-20 19:00:11 - game_automation - WARNING - 无法检查窗口状态: 窗口未找到
2025-04-20 19:00:11 - game_automation - WARNING - 游戏窗口未激活
2025-04-20 19:00:11 - game_automation - WARNING - 无法检查窗口状态: 窗口未找到
2025-04-20 19:00:11 - game_automation - WARNING - 游戏窗口未激活
2025-04-20 19:00:11 - game_automation - WARNING - 无法检查窗口状态: 窗口未找到
2025-04-20 19:00:11 - game_automation - WARNING - 游戏窗口未激活
2025-04-20 19:00:11 - game_automation - WARNING - 无法检查窗口状态: 窗口未找到
2025-04-20 19:00:11 - game_automation - WARNING - 游戏窗口未激活
2025-04-20 19:00:11 - game_automation - WARNING - 无法检查窗口状态: 窗口未找到
2025-04-20 19:00:11 - game_automation - WARNING - 游戏窗口未激活
2025-04-20 19:00:11 - game_automation - WARNING - 无法检查窗口状态: 窗口未找到
2025-04-20 19:00:11 - game_automation - WARNING - 无法检查窗口状态: 窗口未找到
2025-04-20 19:00:11 - game_automation - WARNING - 游戏窗口未激活
2025-04-20 19:00:11 - game_automation - WARNING - 无法检查窗口状态: 窗口未找到
2025-04-20 19:00:11 - game_automation - WARNING - 游戏窗口未激活
2025-04-20 19:00:11 - game_automation - WARNING - 无法检查窗口状态: 窗口未找到
2025-04-20 19:00:11 - game_automation - WARNING - 游戏窗口未激活
2025-04-20 19:00:11 - game_automation - WARNING - 游戏窗口未激活
2025-04-20 19:00:11 - game_automation - WARNING - 无法检查窗口状态: 窗口未找到
2025-04-20 19:00:12 - game_automation - WARNING - 游戏窗口未激活
2025-04-20 19:00:12 - game_automation - WARNING - 无法检查窗口状态: 窗口未找到
2025-04-20 19:00:12 - game_automation - WARNING - 游戏窗口未激活
2025-04-20 19:00:12 - game_automation - WARNING - 无法检查窗口状态: 窗口未找到
2025-04-20 19:00:12 - game_automation - WARNING - 无法检查窗口状态: 窗口未找到
2025-04-20 19:00:12 - game_automation - WARNING - 游戏窗口未激活
2025-04-20 19:00:12 - game_automation - WARNING - 无法检查窗口状态: 窗口未找到
2025-04-20 19:00:12 - game_automation - WARNING - 游戏窗口未激活
2025-04-20 19:00:12 - game_automation - WARNING - 游戏窗口未激活
2025-04-20 19:00:12 - game_automation - WARNING - 无法检查窗口状态: 窗口未找到
2025-04-20 19:00:12 - game_automation - WARNING - 游戏窗口未激活
2025-04-20 19:00:12 - game_automation - WARNING - 无法检查窗口状态: 窗口未找到
2025-04-20 19:00:12 - game_automation - WARNING - 无法检查窗口状态: 窗口未找到
2025-04-20 19:00:12 - game_automation - WARNING - 游戏窗口未激活
2025-04-20 19:00:12 - game_automation - WARNING - 无法检查窗口状态: 窗口未找到
2025-04-20 19:00:12 - game_automation - WARNING - 游戏窗口未激活
2025-04-20 19:00:12 - game_automation - WARNING - 无法检查窗口状态: 窗口未找到
2025-04-20 19:00:12 - game_automation - WARNING - 游戏窗口未激活
2025-04-20 19:00:12 - game_automation - WARNING - 游戏窗口未激活
2025-04-20 19:00:12 - game_automation - WARNING - 无法检查窗口状态: 窗口未找到
2025-04-20 19:00:13 - game_automation - WARNING - 游戏窗口未激活
2025-04-20 19:00:13 - game_automation - WARNING - 无法检查窗口状态: 窗口未找到
2025-04-20 19:00:13 - game_automation - WARNING - 游戏窗口未激活
2025-04-20 19:00:13 - game_automation - WARNING - 无法检查窗口状态: 窗口未找到
2025-04-20 19:00:13 - game_automation - WARNING - 游戏窗口未激活
2025-04-20 19:00:13 - game_automation - WARNING - 无法检查窗口状态: 窗口未找到
2025-04-20 19:00:13 - game_automation - WARNING - 游戏窗口未激活
2025-04-20 19:00:13 - game_automation - WARNING - 无法检查窗口状态: 窗口未找到
2025-04-20 19:00:13 - game_automation - WARNING - 游戏窗口未激活
2025-04-20 19:00:13 - game_automation - WARNING - 无法检查窗口状态: 窗口未找到
2025-04-20 19:00:13 - game_automation - WARNING - 游戏窗口未激活
2025-04-20 19:00:13 - game_automation - WARNING - 无法检查窗口状态: 窗口未找到
2025-04-20 19:00:13 - game_automation - WARNING - 游戏窗口未激活
2025-04-20 19:00:13 - game_automation - WARNING - 无法检查窗口状态: 窗口未找到
2025-04-20 19:00:13 - game_automation - WARNING - 游戏窗口未激活
2025-04-20 19:00:13 - game_automation - WARNING - 无法检查窗口状态: 窗口未找到
2025-04-20 19:00:13 - game_automation - WARNING - 无法检查窗口状态: 窗口未找到
2025-04-20 19:00:13 - game_automation - WARNING - 游戏窗口未激活
2025-04-20 19:00:13 - game_automation - WARNING - 游戏窗口未激活
2025-04-20 19:00:13 - game_automation - WARNING - 无法检查窗口状态: 窗口未找到
2025-04-20 19:00:14 - game_automation - WARNING - 游戏窗口未激活
2025-04-20 19:00:14 - game_automation - WARNING - 无法检查窗口状态: 窗口未找到
2025-04-20 19:00:14 - game_automation - WARNING - 游戏窗口未激活
2025-04-20 19:00:14 - game_automation - WARNING - 无法检查窗口状态: 窗口未找到
2025-04-20 19:00:14 - game_automation - WARNING - 无法检查窗口状态: 窗口未找到
2025-04-20 19:00:14 - game_automation - WARNING - 游戏窗口未激活
2025-04-20 19:00:14 - game_automation - WARNING - 游戏窗口未激活
2025-04-20 19:00:14 - game_automation - WARNING - 无法检查窗口状态: 窗口未找到
2025-04-20 19:00:14 - game_automation - WARNING - 无法检查窗口状态: 窗口未找到
2025-04-20 19:00:14 - game_automation - WARNING - 游戏窗口未激活
2025-04-20 19:00:14 - game_automation - WARNING - 游戏窗口未激活
2025-04-20 19:00:14 - game_automation - WARNING - 无法检查窗口状态: 窗口未找到
2025-04-20 19:00:14 - game_automation - WARNING - 游戏窗口未激活
2025-04-20 19:00:14 - game_automation - WARNING - 无法检查窗口状态: 窗口未找到
2025-04-20 19:00:14 - game_automation - WARNING - 游戏窗口未激活
2025-04-20 19:00:14 - game_automation - WARNING - 无法检查窗口状态: 窗口未找到
2025-04-20 19:00:14 - game_automation - WARNING - 游戏窗口未激活
2025-04-20 19:00:14 - game_automation - WARNING - 无法检查窗口状态: 窗口未找到
2025-04-20 19:00:14 - game_automation - WARNING - 无法检查窗口状态: 窗口未找到
2025-04-20 19:00:14 - game_automation - WARNING - 游戏窗口未激活
2025-04-20 19:00:15 - game_automation - WARNING - 无法检查窗口状态: 窗口未找到
2025-04-20 19:00:15 - game_automation - WARNING - 游戏窗口未激活
2025-04-20 19:00:15 - game_automation - WARNING - 无法检查窗口状态: 窗口未找到
2025-04-20 19:00:15 - game_automation - WARNING - 游戏窗口未激活
2025-04-20 19:00:15 - game_automation - WARNING - 无法检查窗口状态: 窗口未找到
2025-04-20 19:00:15 - game_automation - WARNING - 游戏窗口未激活
2025-04-20 19:00:15 - game_automation - WARNING - 游戏窗口未激活
2025-04-20 19:00:15 - game_automation - WARNING - 无法检查窗口状态: 窗口未找到
2025-04-20 19:00:15 - game_automation - WARNING - 无法检查窗口状态: 窗口未找到
2025-04-20 19:00:15 - game_automation - WARNING - 游戏窗口未激活
2025-04-20 19:00:15 - game_automation - WARNING - 无法检查窗口状态: 窗口未找到
2025-04-20 19:00:15 - game_automation - WARNING - 游戏窗口未激活
2025-04-20 19:00:15 - game_automation - WARNING - 游戏窗口未激活
2025-04-20 19:00:15 - game_automation - WARNING - 无法检查窗口状态: 窗口未找到
2025-04-20 19:00:15 - game_automation - WARNING - 无法检查窗口状态: 窗口未找到
2025-04-20 19:00:15 - game_automation - WARNING - 游戏窗口未激活
2025-04-20 19:00:15 - game_automation - WARNING - 游戏窗口未激活
2025-04-20 19:00:15 - game_automation - WARNING - 无法检查窗口状态: 窗口未找到
2025-04-20 19:00:15 - game_automation - WARNING - 游戏窗口未激活
2025-04-20 19:00:15 - game_automation - WARNING - 无法检查窗口状态: 窗口未找到
2025-04-20 19:00:16 - game_automation - WARNING - 游戏窗口未激活
2025-04-20 19:00:16 - game_automation - WARNING - 无法检查窗口状态: 窗口未找到
2025-04-20 19:00:16 - game_automation - WARNING - 游戏窗口未激活
2025-04-20 19:00:16 - game_automation - WARNING - 无法检查窗口状态: 窗口未找到
2025-04-20 19:00:16 - game_automation - WARNING - 游戏窗口未激活
2025-04-20 19:00:16 - game_automation - WARNING - 无法检查窗口状态: 窗口未找到
2025-04-20 19:00:16 - game_automation - WARNING - 游戏窗口未激活
2025-04-20 19:00:16 - game_automation - WARNING - 无法检查窗口状态: 窗口未找到
2025-04-20 19:00:16 - game_automation - WARNING - 游戏窗口未激活
2025-04-20 19:00:16 - game_automation - WARNING - 无法检查窗口状态: 窗口未找到
2025-04-20 19:00:16 - game_automation - WARNING - 游戏窗口未激活
2025-04-20 19:00:16 - game_automation - WARNING - 无法检查窗口状态: 窗口未找到
2025-04-20 19:00:16 - game_automation - WARNING - 无法检查窗口状态: 窗口未找到
2025-04-20 19:00:16 - game_automation - WARNING - 游戏窗口未激活
2025-04-20 19:00:16 - game_automation - WARNING - 游戏窗口未激活
2025-04-20 19:00:16 - game_automation - WARNING - 无法检查窗口状态: 窗口未找到
2025-04-20 19:00:16 - game_automation - WARNING - 无法检查窗口状态: 窗口未找到
2025-04-20 19:00:16 - game_automation - WARNING - 游戏窗口未激活
2025-04-20 19:00:16 - game_automation - WARNING - 无法检查窗口状态: 窗口未找到
2025-04-20 19:00:16 - game_automation - WARNING - 游戏窗口未激活
2025-04-20 19:00:17 - game_automation - WARNING - 游戏窗口未激活
2025-04-20 19:00:17 - game_automation - WARNING - 无法检查窗口状态: 窗口未找到
2025-04-20 19:00:17 - game_automation - WARNING - 无法检查窗口状态: 窗口未找到
2025-04-20 19:00:17 - game_automation - WARNING - 游戏窗口未激活
2025-04-20 19:00:17 - game_automation - WARNING - 游戏窗口未激活
2025-04-20 19:00:17 - game_automation - WARNING - 无法检查窗口状态: 窗口未找到
2025-04-20 19:00:17 - game_automation - WARNING - 游戏窗口未激活
2025-04-20 19:00:17 - game_automation - WARNING - 无法检查窗口状态: 窗口未找到
2025-04-20 19:00:17 - game_automation - WARNING - 无法检查窗口状态: 窗口未找到
2025-04-20 19:00:17 - game_automation - WARNING - 游戏窗口未激活
2025-04-20 19:00:17 - game_automation - WARNING - 游戏窗口未激活
2025-04-20 19:00:17 - game_automation - WARNING - 无法检查窗口状态: 窗口未找到
2025-04-20 19:00:17 - game_automation - WARNING - 无法检查窗口状态: 窗口未找到
2025-04-20 19:00:17 - game_automation - WARNING - 游戏窗口未激活
2025-04-20 19:00:17 - game_automation - WARNING - 无法检查窗口状态: 窗口未找到
2025-04-20 19:00:17 - game_automation - WARNING - 游戏窗口未激活
2025-04-20 19:00:17 - game_automation - WARNING - 游戏窗口未激活
2025-04-20 19:00:17 - game_automation - WARNING - 无法检查窗口状态: 窗口未找到
2025-04-20 19:00:17 - game_automation - WARNING - 无法检查窗口状态: 窗口未找到
2025-04-20 19:00:17 - game_automation - WARNING - 游戏窗口未激活
2025-04-20 19:00:18 - game_automation - WARNING - 游戏窗口未激活
2025-04-20 19:00:18 - game_automation - WARNING - 无法检查窗口状态: 窗口未找到
2025-04-20 19:00:18 - game_automation - WARNING - 无法检查窗口状态: 窗口未找到
2025-04-20 19:00:18 - game_automation - WARNING - 游戏窗口未激活
2025-04-20 19:00:18 - game_automation - WARNING - 游戏窗口未激活
2025-04-20 19:00:18 - game_automation - WARNING - 无法检查窗口状态: 窗口未找到
2025-04-20 19:00:18 - game_automation - WARNING - 游戏窗口未激活
2025-04-20 19:00:18 - game_automation - WARNING - 无法检查窗口状态: 窗口未找到
2025-04-20 19:00:18 - game_automation - WARNING - 游戏窗口未激活
2025-04-20 19:00:18 - game_automation - WARNING - 无法检查窗口状态: 窗口未找到
2025-04-20 19:00:18 - game_automation - WARNING - 游戏窗口未激活
2025-04-20 19:00:18 - game_automation - WARNING - 无法检查窗口状态: 窗口未找到
2025-04-20 19:00:18 - game_automation - WARNING - 游戏窗口未激活
2025-04-20 19:00:18 - game_automation - WARNING - 无法检查窗口状态: 窗口未找到
2025-04-20 19:00:18 - game_automation - WARNING - 游戏窗口未激活
2025-04-20 19:00:18 - game_automation - WARNING - 无法检查窗口状态: 窗口未找到
2025-04-20 19:00:18 - game_automation - WARNING - 游戏窗口未激活
2025-04-20 19:00:18 - game_automation - WARNING - 无法检查窗口状态: 窗口未找到
2025-04-20 19:00:18 - game_automation - WARNING - 游戏窗口未激活
2025-04-20 19:00:18 - game_automation - WARNING - 无法检查窗口状态: 窗口未找到
2025-04-20 19:00:19 - game_automation - WARNING - 无法检查窗口状态: 窗口未找到
2025-04-20 19:00:19 - game_automation - WARNING - 游戏窗口未激活
