2025-04-21 08:31:12 - game_automation - INFO - 日志服务初始化完成
2025-04-21 08:31:12 - game_automation - INFO - 窗口管理器初始化完成
2025-04-21 08:31:12 - game_automation - INFO - 成功设置窗口钩子
2025-04-21 08:31:12 - game_automation - INFO - 图像处理器初始化完成
2025-04-21 08:31:12 - game_automation - INFO - 加载预训练的ResNet模型
2025-04-21 08:31:12 - game_automation - INFO - 操作模拟器初始化完成
2025-04-21 08:31:17 - game_automation - WARNING - 无法分析游戏画面：帧数据类型错误 (<class 'bool'>)
2025-04-21 08:31:22 - game_automation - WARNING - 无法捕获窗口画面：窗口不存在
2025-04-21 08:31:22 - game_automation - INFO - 开始自动化任务
2025-04-21 08:31:22 - game_automation - WARNING - 获取窗口位置和大小失败 (尝试 1/3): (1400, 'GetWindowRect', '无效的窗口句柄。')
2025-04-21 08:31:22 - game_automation - WARNING - 无法检查窗口状态: 窗口未找到
2025-04-21 08:31:22 - game_automation - WARNING - 游戏窗口未激活
2025-04-21 08:31:22 - game_automation - WARNING - 游戏窗口未激活
2025-04-21 08:31:22 - game_automation - WARNING - 无法检查窗口状态: 窗口未找到
2025-04-21 08:31:22 - game_automation - WARNING - 游戏窗口未激活
2025-04-21 08:31:22 - game_automation - WARNING - 无法检查窗口状态: 窗口未找到
2025-04-21 08:31:22 - game_automation - WARNING - 游戏窗口未激活
2025-04-21 08:31:22 - game_automation - WARNING - 无法检查窗口状态: 窗口未找到
2025-04-21 08:31:22 - game_automation - WARNING - 游戏窗口未激活
2025-04-21 08:31:22 - game_automation - WARNING - 无法检查窗口状态: 窗口未找到
2025-04-21 08:31:22 - game_automation - WARNING - 游戏窗口未激活
2025-04-21 08:31:22 - game_automation - WARNING - 获取窗口位置和大小失败 (尝试 2/3): (1400, 'GetWindowRect', '无效的窗口句柄。')
2025-04-21 08:31:22 - game_automation - WARNING - 无法检查窗口状态: 窗口未找到
2025-04-21 08:31:22 - game_automation - WARNING - 游戏窗口未激活
2025-04-21 08:31:22 - game_automation - WARNING - 无法检查窗口状态: 窗口未找到
2025-04-21 08:31:22 - game_automation - WARNING - 游戏窗口未激活
2025-04-21 08:31:22 - game_automation - WARNING - 无法检查窗口状态: 窗口未找到
2025-04-21 08:31:22 - game_automation - WARNING - 游戏窗口未激活
2025-04-21 08:31:22 - game_automation - WARNING - 无法检查窗口状态: 窗口未找到
2025-04-21 08:31:23 - game_automation - WARNING - 游戏窗口未激活
2025-04-21 08:31:23 - game_automation - WARNING - 无法检查窗口状态: 窗口未找到
2025-04-21 08:31:23 - game_automation - WARNING - 获取窗口位置和大小失败 (尝试 3/3): (1400, 'GetWindowRect', '无效的窗口句柄。')
2025-04-21 08:31:23 - game_automation - WARNING - 无法检查窗口状态: 窗口未找到
2025-04-21 08:31:23 - game_automation - WARNING - 游戏窗口未激活
2025-04-21 08:31:23 - game_automation - WARNING - 游戏窗口未激活
2025-04-21 08:31:23 - game_automation - WARNING - 无法检查窗口状态: 窗口未找到
2025-04-21 08:31:23 - game_automation - WARNING - 无法检查窗口状态: 窗口未找到
2025-04-21 08:31:23 - game_automation - WARNING - 游戏窗口未激活
2025-04-21 08:31:23 - game_automation - WARNING - 无法检查窗口状态: 窗口未找到
2025-04-21 08:31:23 - game_automation - WARNING - 游戏窗口未激活
2025-04-21 08:31:23 - game_automation - WARNING - 游戏窗口未激活
2025-04-21 08:31:23 - game_automation - WARNING - 无法检查窗口状态: 窗口未找到
2025-04-21 08:31:23 - game_automation - ERROR - 获取窗口位置和大小失败: 重试次数已用完
2025-04-21 08:31:23 - game_automation - WARNING - 捕获窗口画面失败：返回为None
2025-04-21 08:31:23 - game_automation - WARNING - 无法检查窗口状态: 窗口未找到
2025-04-21 08:31:23 - game_automation - WARNING - 游戏窗口未激活
2025-04-21 08:31:23 - game_automation - WARNING - 无法捕获窗口画面：窗口不存在
2025-04-21 08:31:23 - game_automation - WARNING - 获取窗口位置和大小失败 (尝试 1/3): (1400, 'GetWindowRect', '无效的窗口句柄。')
2025-04-21 08:31:23 - game_automation - WARNING - 无法检查窗口状态: 窗口未找到
2025-04-21 08:31:23 - game_automation - WARNING - 游戏窗口未激活
2025-04-21 08:31:23 - game_automation - WARNING - 游戏窗口未激活
2025-04-21 08:31:23 - game_automation - WARNING - 无法检查窗口状态: 窗口未找到
2025-04-21 08:31:23 - game_automation - WARNING - 无法检查窗口状态: 窗口未找到
2025-04-21 08:31:23 - game_automation - WARNING - 游戏窗口未激活
2025-04-21 08:31:24 - game_automation - WARNING - 无法检查窗口状态: 窗口未找到
2025-04-21 08:31:24 - game_automation - WARNING - 游戏窗口未激活
2025-04-21 08:31:24 - game_automation - WARNING - 游戏窗口未激活
2025-04-21 08:31:24 - game_automation - WARNING - 无法检查窗口状态: 窗口未找到
2025-04-21 08:31:24 - game_automation - WARNING - 获取窗口位置和大小失败 (尝试 2/3): (1400, 'GetWindowRect', '无效的窗口句柄。')
2025-04-21 08:31:24 - game_automation - WARNING - 无法检查窗口状态: 窗口未找到
2025-04-21 08:31:24 - game_automation - WARNING - 游戏窗口未激活
2025-04-21 08:31:24 - game_automation - WARNING - 无法检查窗口状态: 窗口未找到
2025-04-21 08:31:24 - game_automation - WARNING - 游戏窗口未激活
2025-04-21 08:31:24 - game_automation - WARNING - 游戏窗口未激活
2025-04-21 08:31:24 - game_automation - WARNING - 无法检查窗口状态: 窗口未找到
2025-04-21 08:31:24 - game_automation - WARNING - 游戏窗口未激活
2025-04-21 08:31:24 - game_automation - WARNING - 无法检查窗口状态: 窗口未找到
2025-04-21 08:31:24 - game_automation - WARNING - 游戏窗口未激活
2025-04-21 08:31:24 - game_automation - WARNING - 无法检查窗口状态: 窗口未找到
2025-04-21 08:31:24 - game_automation - WARNING - 获取窗口位置和大小失败 (尝试 3/3): (1400, 'GetWindowRect', '无效的窗口句柄。')
2025-04-21 08:31:24 - game_automation - WARNING - 无法检查窗口状态: 窗口未找到
2025-04-21 08:31:24 - game_automation - WARNING - 游戏窗口未激活
2025-04-21 08:31:24 - game_automation - WARNING - 无法检查窗口状态: 窗口未找到
2025-04-21 08:31:24 - game_automation - WARNING - 游戏窗口未激活
2025-04-21 08:31:24 - game_automation - WARNING - 游戏窗口未激活
2025-04-21 08:31:24 - game_automation - WARNING - 无法检查窗口状态: 窗口未找到
2025-04-21 08:31:25 - game_automation - WARNING - 游戏窗口未激活
2025-04-21 08:31:25 - game_automation - WARNING - 无法检查窗口状态: 窗口未找到
2025-04-21 08:31:25 - game_automation - WARNING - 游戏窗口未激活
2025-04-21 08:31:25 - game_automation - WARNING - 无法检查窗口状态: 窗口未找到
2025-04-21 08:31:25 - game_automation - ERROR - 获取窗口位置和大小失败: 重试次数已用完
2025-04-21 08:31:25 - game_automation - WARNING - 捕获窗口画面失败：返回为None
2025-04-21 08:31:25 - game_automation - WARNING - 无法捕获窗口画面：窗口不存在
2025-04-21 08:31:25 - game_automation - WARNING - 获取窗口位置和大小失败 (尝试 1/3): (1400, 'GetWindowRect', '无效的窗口句柄。')
2025-04-21 08:31:25 - game_automation - WARNING - 游戏窗口未激活
2025-04-21 08:31:25 - game_automation - WARNING - 无法检查窗口状态: 窗口未找到
2025-04-21 08:31:25 - game_automation - WARNING - 游戏窗口未激活
2025-04-21 08:31:25 - game_automation - WARNING - 无法检查窗口状态: 窗口未找到
2025-04-21 08:31:25 - game_automation - WARNING - 游戏窗口未激活
2025-04-21 08:31:25 - game_automation - WARNING - 无法检查窗口状态: 窗口未找到
2025-04-21 08:31:25 - game_automation - WARNING - 游戏窗口未激活
2025-04-21 08:31:25 - game_automation - WARNING - 无法检查窗口状态: 窗口未找到
2025-04-21 08:31:25 - game_automation - WARNING - 游戏窗口未激活
2025-04-21 08:31:25 - game_automation - WARNING - 无法检查窗口状态: 窗口未找到
2025-04-21 08:31:25 - game_automation - WARNING - 获取窗口位置和大小失败 (尝试 2/3): (1400, 'GetWindowRect', '无效的窗口句柄。')
2025-04-21 08:31:25 - game_automation - WARNING - 无法检查窗口状态: 窗口未找到
2025-04-21 08:31:25 - game_automation - WARNING - 游戏窗口未激活
2025-04-21 08:31:25 - game_automation - WARNING - 游戏窗口未激活
2025-04-21 08:31:25 - game_automation - WARNING - 无法检查窗口状态: 窗口未找到
2025-04-21 08:31:25 - game_automation - WARNING - 游戏窗口未激活
2025-04-21 08:31:25 - game_automation - WARNING - 无法检查窗口状态: 窗口未找到
2025-04-21 08:31:26 - game_automation - WARNING - 无法检查窗口状态: 窗口未找到
2025-04-21 08:31:26 - game_automation - WARNING - 游戏窗口未激活
2025-04-21 08:31:26 - game_automation - WARNING - 游戏窗口未激活
2025-04-21 08:31:26 - game_automation - WARNING - 无法检查窗口状态: 窗口未找到
2025-04-21 08:31:26 - game_automation - WARNING - 获取窗口位置和大小失败 (尝试 3/3): (1400, 'GetWindowRect', '无效的窗口句柄。')
2025-04-21 08:31:26 - game_automation - WARNING - 无法检查窗口状态: 窗口未找到
2025-04-21 08:31:26 - game_automation - WARNING - 游戏窗口未激活
2025-04-21 08:31:26 - game_automation - WARNING - 游戏窗口未激活
2025-04-21 08:31:26 - game_automation - WARNING - 无法检查窗口状态: 窗口未找到
2025-04-21 08:31:26 - game_automation - WARNING - 游戏窗口未激活
2025-04-21 08:31:26 - game_automation - WARNING - 无法检查窗口状态: 窗口未找到
2025-04-21 08:31:26 - game_automation - WARNING - 游戏窗口未激活
2025-04-21 08:31:26 - game_automation - WARNING - 无法检查窗口状态: 窗口未找到
2025-04-21 08:31:26 - game_automation - WARNING - 游戏窗口未激活
2025-04-21 08:31:26 - game_automation - WARNING - 无法检查窗口状态: 窗口未找到
2025-04-21 08:31:26 - game_automation - ERROR - 获取窗口位置和大小失败: 重试次数已用完
2025-04-21 08:31:26 - game_automation - WARNING - 捕获窗口画面失败：返回为None
2025-04-21 08:31:26 - game_automation - WARNING - 游戏窗口未激活
2025-04-21 08:31:26 - game_automation - WARNING - 无法检查窗口状态: 窗口未找到
2025-04-21 08:31:26 - game_automation - WARNING - 游戏窗口未激活
2025-04-21 08:31:26 - game_automation - WARNING - 无法检查窗口状态: 窗口未找到
2025-04-21 08:31:27 - game_automation - WARNING - 游戏窗口未激活
2025-04-21 08:31:27 - game_automation - WARNING - 无法检查窗口状态: 窗口未找到
2025-04-21 08:31:27 - game_automation - WARNING - 游戏窗口未激活
2025-04-21 08:31:27 - game_automation - WARNING - 无法检查窗口状态: 窗口未找到
2025-04-21 08:31:27 - game_automation - WARNING - 游戏窗口未激活
2025-04-21 08:31:27 - game_automation - WARNING - 无法检查窗口状态: 窗口未找到
2025-04-21 08:31:27 - game_automation - WARNING - 游戏窗口未激活
2025-04-21 08:31:27 - game_automation - WARNING - 无法检查窗口状态: 窗口未找到
2025-04-21 08:31:27 - game_automation - WARNING - 无法检查窗口状态: 窗口未找到
2025-04-21 08:31:27 - game_automation - WARNING - 游戏窗口未激活
2025-04-21 08:31:27 - game_automation - WARNING - 游戏窗口未激活
2025-04-21 08:31:27 - game_automation - WARNING - 无法检查窗口状态: 窗口未找到
2025-04-21 08:31:27 - game_automation - WARNING - 无法检查窗口状态: 窗口未找到
2025-04-21 08:31:27 - game_automation - WARNING - 游戏窗口未激活
2025-04-21 08:31:27 - game_automation - WARNING - 游戏窗口未激活
2025-04-21 08:31:27 - game_automation - WARNING - 无法检查窗口状态: 窗口未找到
2025-04-21 08:31:27 - game_automation - WARNING - 游戏窗口未激活
2025-04-21 08:31:27 - game_automation - WARNING - 无法检查窗口状态: 窗口未找到
2025-04-21 08:31:27 - game_automation - WARNING - 游戏窗口未激活
2025-04-21 08:31:27 - game_automation - WARNING - 无法检查窗口状态: 窗口未找到
2025-04-21 08:31:28 - game_automation - WARNING - 无法检查窗口状态: 窗口未找到
2025-04-21 08:31:28 - game_automation - WARNING - 游戏窗口未激活
2025-04-21 08:31:28 - game_automation - WARNING - 无法检查窗口状态: 窗口未找到
2025-04-21 08:31:28 - game_automation - WARNING - 游戏窗口未激活
2025-04-21 08:31:28 - game_automation - WARNING - 游戏窗口未激活
2025-04-21 08:31:28 - game_automation - WARNING - 无法检查窗口状态: 窗口未找到
2025-04-21 08:31:28 - game_automation - WARNING - 游戏窗口未激活
2025-04-21 08:31:28 - game_automation - WARNING - 无法检查窗口状态: 窗口未找到
2025-04-21 08:31:28 - game_automation - WARNING - 游戏窗口未激活
2025-04-21 08:31:28 - game_automation - WARNING - 无法检查窗口状态: 窗口未找到
2025-04-21 08:31:28 - game_automation - WARNING - 游戏窗口未激活
2025-04-21 08:31:28 - game_automation - WARNING - 无法检查窗口状态: 窗口未找到
2025-04-21 08:31:28 - game_automation - WARNING - 无法检查窗口状态: 窗口未找到
2025-04-21 08:31:28 - game_automation - WARNING - 游戏窗口未激活
2025-04-21 08:31:28 - game_automation - WARNING - 游戏窗口未激活
2025-04-21 08:31:28 - game_automation - WARNING - 无法检查窗口状态: 窗口未找到
2025-04-21 08:31:28 - game_automation - WARNING - 游戏窗口未激活
2025-04-21 08:31:28 - game_automation - WARNING - 无法检查窗口状态: 窗口未找到
2025-04-21 08:31:28 - game_automation - WARNING - 游戏窗口未激活
2025-04-21 08:31:28 - game_automation - WARNING - 无法检查窗口状态: 窗口未找到
2025-04-21 08:31:29 - game_automation - WARNING - 游戏窗口未激活
2025-04-21 08:31:29 - game_automation - WARNING - 无法检查窗口状态: 窗口未找到
2025-04-21 08:31:29 - game_automation - WARNING - 无法检查窗口状态: 窗口未找到
2025-04-21 08:31:29 - game_automation - WARNING - 游戏窗口未激活
2025-04-21 08:31:29 - game_automation - WARNING - 无法检查窗口状态: 窗口未找到
2025-04-21 08:31:29 - game_automation - WARNING - 游戏窗口未激活
2025-04-21 08:31:29 - game_automation - WARNING - 游戏窗口未激活
2025-04-21 08:31:29 - game_automation - WARNING - 无法检查窗口状态: 窗口未找到
2025-04-21 08:31:29 - game_automation - WARNING - 游戏窗口未激活
2025-04-21 08:31:29 - game_automation - WARNING - 无法检查窗口状态: 窗口未找到
2025-04-21 08:31:29 - game_automation - WARNING - 游戏窗口未激活
2025-04-21 08:31:29 - game_automation - WARNING - 无法检查窗口状态: 窗口未找到
2025-04-21 08:31:29 - game_automation - WARNING - 游戏窗口未激活
2025-04-21 08:31:29 - game_automation - WARNING - 无法检查窗口状态: 窗口未找到
2025-04-21 08:31:29 - game_automation - WARNING - 游戏窗口未激活
2025-04-21 08:31:29 - game_automation - WARNING - 无法检查窗口状态: 窗口未找到
2025-04-21 08:31:29 - game_automation - WARNING - 游戏窗口未激活
2025-04-21 08:31:29 - game_automation - WARNING - 无法检查窗口状态: 窗口未找到
2025-04-21 08:31:29 - game_automation - WARNING - 无法检查窗口状态: 窗口未找到
2025-04-21 08:31:29 - game_automation - WARNING - 游戏窗口未激活
2025-04-21 08:31:30 - game_automation - WARNING - 游戏窗口未激活
2025-04-21 08:31:30 - game_automation - WARNING - 无法检查窗口状态: 窗口未找到
2025-04-21 08:31:30 - game_automation - WARNING - 无法检查窗口状态: 窗口未找到
2025-04-21 08:31:30 - game_automation - WARNING - 游戏窗口未激活
2025-04-21 08:31:30 - game_automation - WARNING - 游戏窗口未激活
2025-04-21 08:31:30 - game_automation - WARNING - 无法检查窗口状态: 窗口未找到
2025-04-21 08:31:30 - game_automation - WARNING - 游戏窗口未激活
2025-04-21 08:31:30 - game_automation - WARNING - 无法检查窗口状态: 窗口未找到
2025-04-21 08:31:30 - game_automation - WARNING - 游戏窗口未激活
2025-04-21 08:31:30 - game_automation - WARNING - 无法检查窗口状态: 窗口未找到
2025-04-21 08:31:30 - game_automation - WARNING - 无法检查窗口状态: 窗口未找到
2025-04-21 08:31:30 - game_automation - WARNING - 游戏窗口未激活
2025-04-21 08:31:30 - game_automation - WARNING - 游戏窗口未激活
2025-04-21 08:31:30 - game_automation - WARNING - 无法检查窗口状态: 窗口未找到
2025-04-21 08:31:30 - game_automation - WARNING - 游戏窗口未激活
2025-04-21 08:31:30 - game_automation - WARNING - 无法检查窗口状态: 窗口未找到
2025-04-21 08:31:30 - game_automation - WARNING - 游戏窗口未激活
2025-04-21 08:31:30 - game_automation - WARNING - 无法检查窗口状态: 窗口未找到
2025-04-21 08:31:30 - game_automation - WARNING - 游戏窗口未激活
2025-04-21 08:31:30 - game_automation - WARNING - 无法检查窗口状态: 窗口未找到
2025-04-21 08:31:31 - game_automation - WARNING - 无法检查窗口状态: 窗口未找到
2025-04-21 08:31:31 - game_automation - WARNING - 游戏窗口未激活
2025-04-21 08:31:31 - game_automation - WARNING - 游戏窗口未激活
2025-04-21 08:31:31 - game_automation - WARNING - 无法检查窗口状态: 窗口未找到
2025-04-21 08:31:31 - game_automation - WARNING - 游戏窗口未激活
2025-04-21 08:31:31 - game_automation - WARNING - 无法检查窗口状态: 窗口未找到
2025-04-21 08:31:31 - game_automation - WARNING - 游戏窗口未激活
2025-04-21 08:31:31 - game_automation - WARNING - 无法检查窗口状态: 窗口未找到
2025-04-21 08:31:31 - game_automation - WARNING - 游戏窗口未激活
2025-04-21 08:31:31 - game_automation - WARNING - 无法检查窗口状态: 窗口未找到
2025-04-21 08:31:31 - game_automation - WARNING - 无法检查窗口状态: 窗口未找到
2025-04-21 08:31:31 - game_automation - WARNING - 游戏窗口未激活
2025-04-21 08:31:31 - game_automation - WARNING - 游戏窗口未激活
2025-04-21 08:31:31 - game_automation - WARNING - 无法检查窗口状态: 窗口未找到
2025-04-21 08:31:31 - game_automation - WARNING - 游戏窗口未激活
2025-04-21 08:31:31 - game_automation - WARNING - 无法检查窗口状态: 窗口未找到
2025-04-21 08:31:31 - game_automation - WARNING - 无法检查窗口状态: 窗口未找到
2025-04-21 08:31:31 - game_automation - WARNING - 游戏窗口未激活
2025-04-21 08:31:31 - game_automation - WARNING - 无法检查窗口状态: 窗口未找到
2025-04-21 08:31:31 - game_automation - WARNING - 游戏窗口未激活
2025-04-21 08:31:32 - game_automation - WARNING - 游戏窗口未激活
2025-04-21 08:31:32 - game_automation - WARNING - 无法检查窗口状态: 窗口未找到
2025-04-21 08:31:32 - game_automation - WARNING - 无法检查窗口状态: 窗口未找到
2025-04-21 08:31:32 - game_automation - WARNING - 游戏窗口未激活
2025-04-21 08:31:32 - game_automation - WARNING - 无法检查窗口状态: 窗口未找到
2025-04-21 08:31:32 - game_automation - WARNING - 游戏窗口未激活
2025-04-21 08:31:32 - game_automation - WARNING - 游戏窗口未激活
2025-04-21 08:31:32 - game_automation - WARNING - 无法检查窗口状态: 窗口未找到
2025-04-21 08:31:32 - game_automation - WARNING - 游戏窗口未激活
2025-04-21 08:31:32 - game_automation - WARNING - 无法检查窗口状态: 窗口未找到
2025-04-21 08:31:32 - game_automation - WARNING - 游戏窗口未激活
2025-04-21 08:31:32 - game_automation - WARNING - 无法检查窗口状态: 窗口未找到
2025-04-21 08:31:32 - game_automation - WARNING - 游戏窗口未激活
2025-04-21 08:31:32 - game_automation - WARNING - 无法检查窗口状态: 窗口未找到
2025-04-21 08:31:32 - game_automation - WARNING - 无法检查窗口状态: 窗口未找到
2025-04-21 08:31:32 - game_automation - WARNING - 游戏窗口未激活
2025-04-21 08:31:32 - game_automation - WARNING - 无法检查窗口状态: 窗口未找到
2025-04-21 08:31:32 - game_automation - WARNING - 游戏窗口未激活
2025-04-21 08:31:32 - game_automation - WARNING - 游戏窗口未激活
2025-04-21 08:31:32 - game_automation - WARNING - 无法检查窗口状态: 窗口未找到
2025-04-21 08:31:33 - game_automation - WARNING - 游戏窗口未激活
2025-04-21 08:31:33 - game_automation - WARNING - 无法检查窗口状态: 窗口未找到
2025-04-21 08:31:33 - game_automation - WARNING - 游戏窗口未激活
2025-04-21 08:31:33 - game_automation - WARNING - 无法检查窗口状态: 窗口未找到
2025-04-21 08:31:33 - game_automation - WARNING - 游戏窗口未激活
2025-04-21 08:31:33 - game_automation - WARNING - 无法检查窗口状态: 窗口未找到
2025-04-21 08:31:33 - game_automation - WARNING - 无法检查窗口状态: 窗口未找到
2025-04-21 08:31:33 - game_automation - WARNING - 游戏窗口未激活
2025-04-21 08:31:33 - game_automation - WARNING - 无法检查窗口状态: 窗口未找到
2025-04-21 08:31:33 - game_automation - WARNING - 游戏窗口未激活
2025-04-21 08:31:33 - game_automation - WARNING - 游戏窗口未激活
2025-04-21 08:31:33 - game_automation - WARNING - 无法检查窗口状态: 窗口未找到
2025-04-21 08:31:33 - game_automation - WARNING - 游戏窗口未激活
2025-04-21 08:31:33 - game_automation - WARNING - 无法检查窗口状态: 窗口未找到
2025-04-21 08:31:33 - game_automation - WARNING - 无法检查窗口状态: 窗口未找到
2025-04-21 08:31:33 - game_automation - WARNING - 游戏窗口未激活
2025-04-21 08:31:33 - game_automation - WARNING - 游戏窗口未激活
2025-04-21 08:31:33 - game_automation - WARNING - 无法检查窗口状态: 窗口未找到
2025-04-21 08:31:33 - game_automation - WARNING - 游戏窗口未激活
2025-04-21 08:31:33 - game_automation - WARNING - 无法检查窗口状态: 窗口未找到
2025-04-21 08:31:34 - game_automation - WARNING - 游戏窗口未激活
2025-04-21 08:31:34 - game_automation - WARNING - 无法检查窗口状态: 窗口未找到
2025-04-21 08:31:34 - game_automation - WARNING - 游戏窗口未激活
2025-04-21 08:31:34 - game_automation - WARNING - 无法检查窗口状态: 窗口未找到
2025-04-21 08:31:34 - game_automation - WARNING - 游戏窗口未激活
2025-04-21 08:31:34 - game_automation - WARNING - 无法检查窗口状态: 窗口未找到
2025-04-21 08:31:34 - game_automation - WARNING - 游戏窗口未激活
2025-04-21 08:31:34 - game_automation - WARNING - 无法检查窗口状态: 窗口未找到
2025-04-21 08:31:34 - game_automation - WARNING - 无法检查窗口状态: 窗口未找到
2025-04-21 08:31:34 - game_automation - WARNING - 游戏窗口未激活
2025-04-21 08:31:34 - game_automation - WARNING - 游戏窗口未激活
2025-04-21 08:31:34 - game_automation - WARNING - 无法检查窗口状态: 窗口未找到
2025-04-21 08:31:34 - game_automation - WARNING - 游戏窗口未激活
2025-04-21 08:31:34 - game_automation - WARNING - 无法检查窗口状态: 窗口未找到
2025-04-21 08:31:34 - game_automation - WARNING - 无法检查窗口状态: 窗口未找到
2025-04-21 08:31:34 - game_automation - WARNING - 游戏窗口未激活
2025-04-21 08:31:34 - game_automation - WARNING - 游戏窗口未激活
2025-04-21 08:31:34 - game_automation - WARNING - 无法检查窗口状态: 窗口未找到
2025-04-21 08:31:34 - game_automation - WARNING - 游戏窗口未激活
2025-04-21 08:31:34 - game_automation - WARNING - 无法检查窗口状态: 窗口未找到
2025-04-21 08:31:35 - game_automation - WARNING - 无法检查窗口状态: 窗口未找到
2025-04-21 08:31:35 - game_automation - WARNING - 游戏窗口未激活
2025-04-21 08:31:35 - game_automation - WARNING - 游戏窗口未激活
2025-04-21 08:31:35 - game_automation - WARNING - 无法检查窗口状态: 窗口未找到
2025-04-21 08:31:35 - game_automation - WARNING - 游戏窗口未激活
2025-04-21 08:31:35 - game_automation - WARNING - 无法检查窗口状态: 窗口未找到
2025-04-21 08:31:35 - game_automation - WARNING - 游戏窗口未激活
2025-04-21 08:31:35 - game_automation - WARNING - 无法检查窗口状态: 窗口未找到
2025-04-21 08:31:35 - game_automation - WARNING - 游戏窗口未激活
2025-04-21 08:31:35 - game_automation - WARNING - 无法检查窗口状态: 窗口未找到
